Base path: /home/roberta/Unity-2018.2.7f1/Editor/Data
Cmd: initializeCompiler
Cmd: compileComputeKernel
  api=18 insize=3027 outsize=4873 ok=1
Cmd: initializeCompiler
Cmd: compileComputeKernel
  api=18 insize=3039 outsize=4037 ok=1
Cmd: initializeCompiler
Cmd: compileComputeKernel
  api=18 insize=3014 outsize=9829 ok=1
Cmd: initializeCompiler
Cmd: initializeCompiler
Cmd: compileComputeKernel
  error: 2 plat 18 at CloudCompute.compute(87): undeclared identifier 'pf'
  api=18 insize=3028 outsize=0 ok=0
Cmd: initializeCompiler
Cmd: initializeCompiler
Cmd: compileComputeKernel
  error: 2 plat 15 at CloudCompute.compute(87): undeclared identifier 'pf'
  api=15 insize=3036 outsize=0 ok=0
Cmd: initializeCompiler
Cmd: initializeCompiler
Cmd: compileComputeKernel
  api=15 insize=3040 outsize=6457 ok=1
Cmd: initializeCompiler
Cmd: initializeCompiler
Cmd: initializeCompiler
Cmd: initializeCompiler
Cmd: initializeCompiler
Cmd: initializeCompiler
Cmd: initializeCompiler
Cmd: compileComputeKernel
  api=18 insize=3008 outsize=5585 ok=1
Cmd: initializeCompiler
Cmd: compileComputeKernel
  api=18 insize=3005 outsize=4037 ok=1
Cmd: initializeCompiler
Cmd: initializeCompiler
Cmd: initializeCompiler
Cmd: initializeCompiler
Cmd: compileComputeKernel
  api=18 insize=3005 outsize=4037 ok=1
Cmd: initializeCompiler
Cmd: initializeCompiler
Cmd: initializeCompiler
Cmd: initializeCompiler
Cmd: compileComputeKernel
  api=15 insize=3006 outsize=2225 ok=1
Cmd: initializeCompiler
Cmd: compileComputeKernel
  api=18 insize=3007 outsize=9613 ok=1
Cmd: initializeCompiler
Cmd: initializeCompiler
Cmd: initializeCompiler
Cmd: initializeCompiler

Quitting shader compiler process
